[2024-03-30T00:03:01.479+0000] {logging_mixin.py:154} INFO - Changing /opt/***/logs/dag_id=dag_smtp_email_automatico/run_id=scheduled__2024-03-30T00:02:00+00:00/task_id=SendingEmail permission to 509
[2024-03-30T00:03:01.485+0000] {logging_mixin.py:154} INFO - Failed to change /opt/***/logs/dag_id=dag_smtp_email_automatico/run_id=scheduled__2024-03-30T00:02:00+00:00/task_id=SendingEmail permission to 509: [Errno 1] Operation not permitted: '/opt/***/logs/dag_id=dag_smtp_email_automatico/run_id=scheduled__2024-03-30T00:02:00+00:00/task_id=SendingEmail'
[2024-03-30T00:03:01.557+0000] {logging_mixin.py:154} INFO - Changing /opt/***/logs/dag_id=dag_smtp_email_automatico/run_id=scheduled__2024-03-30T00:02:00+00:00/task_id=SendingEmail permission to 509
[2024-03-30T00:03:01.577+0000] {logging_mixin.py:154} INFO - Failed to change /opt/***/logs/dag_id=dag_smtp_email_automatico/run_id=scheduled__2024-03-30T00:02:00+00:00/task_id=SendingEmail permission to 509: [Errno 1] Operation not permitted: '/opt/***/logs/dag_id=dag_smtp_email_automatico/run_id=scheduled__2024-03-30T00:02:00+00:00/task_id=SendingEmail'
[2024-03-30T00:03:01.660+0000] {taskinstance.py:1159} INFO - Dependencies all met for dep_context=non-requeueable deps ti=<TaskInstance: dag_smtp_email_automatico.SendingEmail scheduled__2024-03-30T00:02:00+00:00 [queued]>
[2024-03-30T00:03:01.675+0000] {taskinstance.py:1159} INFO - Dependencies all met for dep_context=requeueable deps ti=<TaskInstance: dag_smtp_email_automatico.SendingEmail scheduled__2024-03-30T00:02:00+00:00 [queued]>
[2024-03-30T00:03:01.676+0000] {taskinstance.py:1361} INFO - Starting attempt 1 of 1
[2024-03-30T00:03:01.700+0000] {taskinstance.py:1382} INFO - Executing <Task(PythonOperator): SendingEmail> on 2024-03-30 00:02:00+00:00
[2024-03-30T00:03:01.704+0000] {standard_task_runner.py:57} INFO - Started process 522 to run task
[2024-03-30T00:03:01.707+0000] {standard_task_runner.py:84} INFO - Running: ['***', 'tasks', 'run', 'dag_smtp_email_automatico', 'SendingEmail', 'scheduled__2024-03-30T00:02:00+00:00', '--job-id', '28', '--raw', '--subdir', 'DAGS_FOLDER/dag_email.py', '--cfg-path', '/tmp/tmpgblfv8d2']
[2024-03-30T00:03:01.710+0000] {standard_task_runner.py:85} INFO - Job 28: Subtask SendingEmail
[2024-03-30T00:03:01.786+0000] {logging_mixin.py:154} INFO - Changing /opt/***/logs/dag_id=dag_smtp_email_automatico/run_id=scheduled__2024-03-30T00:02:00+00:00/task_id=SendingEmail permission to 509
[2024-03-30T00:03:01.787+0000] {logging_mixin.py:154} INFO - Failed to change /opt/***/logs/dag_id=dag_smtp_email_automatico/run_id=scheduled__2024-03-30T00:02:00+00:00/task_id=SendingEmail permission to 509: [Errno 1] Operation not permitted: '/opt/***/logs/dag_id=dag_smtp_email_automatico/run_id=scheduled__2024-03-30T00:02:00+00:00/task_id=SendingEmail'
[2024-03-30T00:03:01.792+0000] {task_command.py:416} INFO - Running <TaskInstance: dag_smtp_email_automatico.SendingEmail scheduled__2024-03-30T00:02:00+00:00 [running]> on host a74e6333f8c5
[2024-03-30T00:03:01.928+0000] {taskinstance.py:1662} INFO - Exporting env vars: AIRFLOW_CTX_DAG_OWNER='***' AIRFLOW_CTX_DAG_ID='dag_smtp_email_automatico' AIRFLOW_CTX_TASK_ID='SendingEmail' AIRFLOW_CTX_EXECUTION_DATE='2024-03-30T00:02:00+00:00' AIRFLOW_CTX_TRY_NUMBER='1' AIRFLOW_CTX_DAG_RUN_ID='scheduled__2024-03-30T00:02:00+00:00'
[2024-03-30T00:03:03.028+0000] {logging_mixin.py:154} INFO - Mi clave es: ***
[2024-03-30T00:03:04.919+0000] {logging_mixin.py:154} INFO - Exito
[2024-03-30T00:03:04.920+0000] {python.py:194} INFO - Done. Returned value was: None
[2024-03-30T00:03:04.934+0000] {taskinstance.py:1400} INFO - Marking task as SUCCESS. dag_id=dag_smtp_email_automatico, task_id=SendingEmail, execution_date=20240330T000200, start_date=20240330T000301, end_date=20240330T000304
[2024-03-30T00:03:04.981+0000] {local_task_job_runner.py:228} INFO - Task exited with return code 0
[2024-03-30T00:03:05.002+0000] {taskinstance.py:2778} INFO - 0 downstream tasks scheduled from follow-on schedule check
