[2024-03-29T22:52:38.884+0000] {logging_mixin.py:154} INFO - Changing /opt/***/logs/dag_id=bcra_data_pipeline/run_id=scheduled__2024-03-28T07:00:00+00:00/task_id=combine_dataframes permission to 509
[2024-03-29T22:52:38.889+0000] {logging_mixin.py:154} INFO - Failed to change /opt/***/logs/dag_id=bcra_data_pipeline/run_id=scheduled__2024-03-28T07:00:00+00:00/task_id=combine_dataframes permission to 509: [Errno 1] Operation not permitted: '/opt/***/logs/dag_id=bcra_data_pipeline/run_id=scheduled__2024-03-28T07:00:00+00:00/task_id=combine_dataframes'
[2024-03-29T22:52:38.955+0000] {logging_mixin.py:154} INFO - Changing /opt/***/logs/dag_id=bcra_data_pipeline/run_id=scheduled__2024-03-28T07:00:00+00:00/task_id=combine_dataframes permission to 509
[2024-03-29T22:52:38.959+0000] {logging_mixin.py:154} INFO - Failed to change /opt/***/logs/dag_id=bcra_data_pipeline/run_id=scheduled__2024-03-28T07:00:00+00:00/task_id=combine_dataframes permission to 509: [Errno 1] Operation not permitted: '/opt/***/logs/dag_id=bcra_data_pipeline/run_id=scheduled__2024-03-28T07:00:00+00:00/task_id=combine_dataframes'
[2024-03-29T22:52:39.031+0000] {taskinstance.py:1159} INFO - Dependencies all met for dep_context=non-requeueable deps ti=<TaskInstance: bcra_data_pipeline.combine_dataframes scheduled__2024-03-28T07:00:00+00:00 [queued]>
[2024-03-29T22:52:39.049+0000] {taskinstance.py:1159} INFO - Dependencies all met for dep_context=requeueable deps ti=<TaskInstance: bcra_data_pipeline.combine_dataframes scheduled__2024-03-28T07:00:00+00:00 [queued]>
[2024-03-29T22:52:39.050+0000] {taskinstance.py:1361} INFO - Starting attempt 1 of 4
[2024-03-29T22:52:39.070+0000] {taskinstance.py:1382} INFO - Executing <Task(PythonOperator): combine_dataframes> on 2024-03-28 07:00:00+00:00
[2024-03-29T22:52:39.076+0000] {standard_task_runner.py:57} INFO - Started process 325 to run task
[2024-03-29T22:52:39.080+0000] {standard_task_runner.py:84} INFO - Running: ['***', 'tasks', 'run', 'bcra_data_pipeline', 'combine_dataframes', 'scheduled__2024-03-28T07:00:00+00:00', '--job-id', '9', '--raw', '--subdir', 'DAGS_FOLDER/dag_bcra.py', '--cfg-path', '/tmp/tmpwabs4r01']
[2024-03-29T22:52:39.084+0000] {standard_task_runner.py:85} INFO - Job 9: Subtask combine_dataframes
[2024-03-29T22:52:39.166+0000] {logging_mixin.py:154} INFO - Changing /opt/***/logs/dag_id=bcra_data_pipeline/run_id=scheduled__2024-03-28T07:00:00+00:00/task_id=combine_dataframes permission to 509
[2024-03-29T22:52:39.167+0000] {logging_mixin.py:154} INFO - Failed to change /opt/***/logs/dag_id=bcra_data_pipeline/run_id=scheduled__2024-03-28T07:00:00+00:00/task_id=combine_dataframes permission to 509: [Errno 1] Operation not permitted: '/opt/***/logs/dag_id=bcra_data_pipeline/run_id=scheduled__2024-03-28T07:00:00+00:00/task_id=combine_dataframes'
[2024-03-29T22:52:39.175+0000] {task_command.py:416} INFO - Running <TaskInstance: bcra_data_pipeline.combine_dataframes scheduled__2024-03-28T07:00:00+00:00 [running]> on host 5d7162670411
[2024-03-29T22:52:39.310+0000] {taskinstance.py:1662} INFO - Exporting env vars: AIRFLOW_CTX_DAG_OWNER='***' AIRFLOW_CTX_DAG_ID='bcra_data_pipeline' AIRFLOW_CTX_TASK_ID='combine_dataframes' AIRFLOW_CTX_EXECUTION_DATE='2024-03-28T07:00:00+00:00' AIRFLOW_CTX_TRY_NUMBER='1' AIRFLOW_CTX_DAG_RUN_ID='scheduled__2024-03-28T07:00:00+00:00'
[2024-03-29T22:52:39.502+0000] {logging_mixin.py:154} INFO -                        Date       Value           Concept
0 2024-02-29 00:00:00-03:00  26703498.0  Plazos fijos (m)
1 2024-03-01 00:00:00-03:00  27186367.0  Plazos fijos (m)
2 2024-03-04 00:00:00-03:00  26737180.0  Plazos fijos (m)
3 2024-03-05 00:00:00-03:00  27097018.0  Plazos fijos (m)
4 2024-03-06 00:00:00-03:00  27000326.0  Plazos fijos (m)
[2024-03-29T22:52:39.503+0000] {python.py:194} INFO - Done. Returned value was:                          Date        Value           Concept
0   2024-02-29 00:00:00-03:00  26703498.00  Plazos fijos (m)
1   2024-03-01 00:00:00-03:00  27186367.00  Plazos fijos (m)
2   2024-03-04 00:00:00-03:00  26737180.00  Plazos fijos (m)
3   2024-03-05 00:00:00-03:00  27097018.00  Plazos fijos (m)
4   2024-03-06 00:00:00-03:00  27000326.00  Plazos fijos (m)
..                        ...          ...               ...
103 2024-03-21 00:00:00-03:00       854.25     Dolar oficial
104 2024-03-22 00:00:00-03:00       854.75     Dolar oficial
105 2024-03-25 00:00:00-03:00       856.25     Dolar oficial
106 2024-03-26 00:00:00-03:00       856.75     Dolar oficial
107 2024-03-27 00:00:00-03:00       857.42     Dolar oficial

[108 rows x 3 columns]
[2024-03-29T22:52:39.552+0000] {taskinstance.py:1400} INFO - Marking task as SUCCESS. dag_id=bcra_data_pipeline, task_id=combine_dataframes, execution_date=20240328T070000, start_date=20240329T225239, end_date=20240329T225239
[2024-03-29T22:52:39.615+0000] {local_task_job_runner.py:228} INFO - Task exited with return code 0
[2024-03-29T22:52:39.665+0000] {taskinstance.py:2778} INFO - 1 downstream tasks scheduled from follow-on schedule check
