[2024-03-30T00:04:01.331+0000] {logging_mixin.py:154} INFO - Changing /opt/***/logs/dag_id=dag_smtp_email_automatico/run_id=scheduled__2024-03-30T00:03:00+00:00/task_id=SendingEmail permission to 509
[2024-03-30T00:04:01.335+0000] {logging_mixin.py:154} INFO - Failed to change /opt/***/logs/dag_id=dag_smtp_email_automatico/run_id=scheduled__2024-03-30T00:03:00+00:00/task_id=SendingEmail permission to 509: [Errno 1] Operation not permitted: '/opt/***/logs/dag_id=dag_smtp_email_automatico/run_id=scheduled__2024-03-30T00:03:00+00:00/task_id=SendingEmail'
[2024-03-30T00:04:01.418+0000] {logging_mixin.py:154} INFO - Changing /opt/***/logs/dag_id=dag_smtp_email_automatico/run_id=scheduled__2024-03-30T00:03:00+00:00/task_id=SendingEmail permission to 509
[2024-03-30T00:04:01.422+0000] {logging_mixin.py:154} INFO - Failed to change /opt/***/logs/dag_id=dag_smtp_email_automatico/run_id=scheduled__2024-03-30T00:03:00+00:00/task_id=SendingEmail permission to 509: [Errno 1] Operation not permitted: '/opt/***/logs/dag_id=dag_smtp_email_automatico/run_id=scheduled__2024-03-30T00:03:00+00:00/task_id=SendingEmail'
[2024-03-30T00:04:01.502+0000] {taskinstance.py:1159} INFO - Dependencies all met for dep_context=non-requeueable deps ti=<TaskInstance: dag_smtp_email_automatico.SendingEmail scheduled__2024-03-30T00:03:00+00:00 [queued]>
[2024-03-30T00:04:01.518+0000] {taskinstance.py:1159} INFO - Dependencies all met for dep_context=requeueable deps ti=<TaskInstance: dag_smtp_email_automatico.SendingEmail scheduled__2024-03-30T00:03:00+00:00 [queued]>
[2024-03-30T00:04:01.519+0000] {taskinstance.py:1361} INFO - Starting attempt 1 of 1
[2024-03-30T00:04:01.542+0000] {taskinstance.py:1382} INFO - Executing <Task(PythonOperator): SendingEmail> on 2024-03-30 00:03:00+00:00
[2024-03-30T00:04:01.546+0000] {standard_task_runner.py:57} INFO - Started process 588 to run task
[2024-03-30T00:04:01.549+0000] {standard_task_runner.py:84} INFO - Running: ['***', 'tasks', 'run', 'dag_smtp_email_automatico', 'SendingEmail', 'scheduled__2024-03-30T00:03:00+00:00', '--job-id', '30', '--raw', '--subdir', 'DAGS_FOLDER/dag_email.py', '--cfg-path', '/tmp/tmpr_kcj3ds']
[2024-03-30T00:04:01.552+0000] {standard_task_runner.py:85} INFO - Job 30: Subtask SendingEmail
[2024-03-30T00:04:01.628+0000] {logging_mixin.py:154} INFO - Changing /opt/***/logs/dag_id=dag_smtp_email_automatico/run_id=scheduled__2024-03-30T00:03:00+00:00/task_id=SendingEmail permission to 509
[2024-03-30T00:04:01.629+0000] {logging_mixin.py:154} INFO - Failed to change /opt/***/logs/dag_id=dag_smtp_email_automatico/run_id=scheduled__2024-03-30T00:03:00+00:00/task_id=SendingEmail permission to 509: [Errno 1] Operation not permitted: '/opt/***/logs/dag_id=dag_smtp_email_automatico/run_id=scheduled__2024-03-30T00:03:00+00:00/task_id=SendingEmail'
[2024-03-30T00:04:01.633+0000] {task_command.py:416} INFO - Running <TaskInstance: dag_smtp_email_automatico.SendingEmail scheduled__2024-03-30T00:03:00+00:00 [running]> on host a74e6333f8c5
[2024-03-30T00:04:01.871+0000] {taskinstance.py:1662} INFO - Exporting env vars: AIRFLOW_CTX_DAG_OWNER='***' AIRFLOW_CTX_DAG_ID='dag_smtp_email_automatico' AIRFLOW_CTX_TASK_ID='SendingEmail' AIRFLOW_CTX_EXECUTION_DATE='2024-03-30T00:03:00+00:00' AIRFLOW_CTX_TRY_NUMBER='1' AIRFLOW_CTX_DAG_RUN_ID='scheduled__2024-03-30T00:03:00+00:00'
[2024-03-30T00:04:02.453+0000] {logging_mixin.py:154} INFO - Mi clave es: ***
[2024-03-30T00:04:04.346+0000] {logging_mixin.py:154} INFO - Exito
[2024-03-30T00:04:04.348+0000] {python.py:194} INFO - Done. Returned value was: None
[2024-03-30T00:04:04.374+0000] {taskinstance.py:1400} INFO - Marking task as SUCCESS. dag_id=dag_smtp_email_automatico, task_id=SendingEmail, execution_date=20240330T000300, start_date=20240330T000401, end_date=20240330T000404
[2024-03-30T00:04:04.457+0000] {local_task_job_runner.py:228} INFO - Task exited with return code 0
[2024-03-30T00:04:04.488+0000] {taskinstance.py:2778} INFO - 0 downstream tasks scheduled from follow-on schedule check
