[2024-03-30T01:25:01.714+0000] {logging_mixin.py:154} INFO - Changing /opt/***/logs/dag_id=bcra_data_pipeline/run_id=manual__2024-03-30T01:24:54.403066+00:00/task_id=combine_dataframes permission to 509
[2024-03-30T01:25:01.719+0000] {logging_mixin.py:154} INFO - Failed to change /opt/***/logs/dag_id=bcra_data_pipeline/run_id=manual__2024-03-30T01:24:54.403066+00:00/task_id=combine_dataframes permission to 509: [Errno 1] Operation not permitted: '/opt/***/logs/dag_id=bcra_data_pipeline/run_id=manual__2024-03-30T01:24:54.403066+00:00/task_id=combine_dataframes'
[2024-03-30T01:25:01.788+0000] {logging_mixin.py:154} INFO - Changing /opt/***/logs/dag_id=bcra_data_pipeline/run_id=manual__2024-03-30T01:24:54.403066+00:00/task_id=combine_dataframes permission to 509
[2024-03-30T01:25:01.792+0000] {logging_mixin.py:154} INFO - Failed to change /opt/***/logs/dag_id=bcra_data_pipeline/run_id=manual__2024-03-30T01:24:54.403066+00:00/task_id=combine_dataframes permission to 509: [Errno 1] Operation not permitted: '/opt/***/logs/dag_id=bcra_data_pipeline/run_id=manual__2024-03-30T01:24:54.403066+00:00/task_id=combine_dataframes'
[2024-03-30T01:25:01.858+0000] {taskinstance.py:1159} INFO - Dependencies all met for dep_context=non-requeueable deps ti=<TaskInstance: bcra_data_pipeline.combine_dataframes manual__2024-03-30T01:24:54.403066+00:00 [queued]>
[2024-03-30T01:25:01.876+0000] {taskinstance.py:1159} INFO - Dependencies all met for dep_context=requeueable deps ti=<TaskInstance: bcra_data_pipeline.combine_dataframes manual__2024-03-30T01:24:54.403066+00:00 [queued]>
[2024-03-30T01:25:01.877+0000] {taskinstance.py:1361} INFO - Starting attempt 1 of 3
[2024-03-30T01:25:01.900+0000] {taskinstance.py:1382} INFO - Executing <Task(PythonOperator): combine_dataframes> on 2024-03-30 01:24:54.403066+00:00
[2024-03-30T01:25:01.908+0000] {standard_task_runner.py:57} INFO - Started process 5733 to run task
[2024-03-30T01:25:01.911+0000] {standard_task_runner.py:84} INFO - Running: ['***', 'tasks', 'run', 'bcra_data_pipeline', 'combine_dataframes', 'manual__2024-03-30T01:24:54.403066+00:00', '--job-id', '70', '--raw', '--subdir', 'DAGS_FOLDER/dag_bcra.py', '--cfg-path', '/tmp/tmpkmolstka']
[2024-03-30T01:25:01.915+0000] {standard_task_runner.py:85} INFO - Job 70: Subtask combine_dataframes
[2024-03-30T01:25:01.999+0000] {logging_mixin.py:154} INFO - Changing /opt/***/logs/dag_id=bcra_data_pipeline/run_id=manual__2024-03-30T01:24:54.403066+00:00/task_id=combine_dataframes permission to 509
[2024-03-30T01:25:02.001+0000] {logging_mixin.py:154} INFO - Failed to change /opt/***/logs/dag_id=bcra_data_pipeline/run_id=manual__2024-03-30T01:24:54.403066+00:00/task_id=combine_dataframes permission to 509: [Errno 1] Operation not permitted: '/opt/***/logs/dag_id=bcra_data_pipeline/run_id=manual__2024-03-30T01:24:54.403066+00:00/task_id=combine_dataframes'
[2024-03-30T01:25:02.006+0000] {task_command.py:416} INFO - Running <TaskInstance: bcra_data_pipeline.combine_dataframes manual__2024-03-30T01:24:54.403066+00:00 [running]> on host a74e6333f8c5
[2024-03-30T01:25:02.160+0000] {taskinstance.py:1662} INFO - Exporting env vars: AIRFLOW_CTX_DAG_OWNER='***' AIRFLOW_CTX_DAG_ID='bcra_data_pipeline' AIRFLOW_CTX_TASK_ID='combine_dataframes' AIRFLOW_CTX_EXECUTION_DATE='2024-03-30T01:24:54.403066+00:00' AIRFLOW_CTX_TRY_NUMBER='1' AIRFLOW_CTX_DAG_RUN_ID='manual__2024-03-30T01:24:54.403066+00:00'
[2024-03-30T01:25:02.368+0000] {logging_mixin.py:154} INFO -                        Date       Value           Concept
0 2024-02-29 00:00:00-03:00  26703498.0  Plazos fijos (m)
1 2024-03-01 00:00:00-03:00  27186367.0  Plazos fijos (m)
2 2024-03-04 00:00:00-03:00  26737180.0  Plazos fijos (m)
3 2024-03-05 00:00:00-03:00  27097018.0  Plazos fijos (m)
4 2024-03-06 00:00:00-03:00  27000326.0  Plazos fijos (m)
[2024-03-30T01:25:02.369+0000] {python.py:194} INFO - Done. Returned value was:                          Date        Value           Concept
0   2024-02-29 00:00:00-03:00  26703498.00  Plazos fijos (m)
1   2024-03-01 00:00:00-03:00  27186367.00  Plazos fijos (m)
2   2024-03-04 00:00:00-03:00  26737180.00  Plazos fijos (m)
3   2024-03-05 00:00:00-03:00  27097018.00  Plazos fijos (m)
4   2024-03-06 00:00:00-03:00  27000326.00  Plazos fijos (m)
..                        ...          ...               ...
103 2024-03-21 00:00:00-03:00       854.25     Dolar oficial
104 2024-03-22 00:00:00-03:00       854.75     Dolar oficial
105 2024-03-25 00:00:00-03:00       856.25     Dolar oficial
106 2024-03-26 00:00:00-03:00       856.75     Dolar oficial
107 2024-03-27 00:00:00-03:00       857.42     Dolar oficial

[108 rows x 3 columns]
[2024-03-30T01:25:02.436+0000] {taskinstance.py:1400} INFO - Marking task as SUCCESS. dag_id=bcra_data_pipeline, task_id=combine_dataframes, execution_date=20240330T012454, start_date=20240330T012501, end_date=20240330T012502
[2024-03-30T01:25:02.465+0000] {logging_mixin.py:154} WARNING - /home/***/.local/lib/python3.9/site-packages/***/utils/context.py:206 AirflowContextDeprecationWarning: Accessing 'execution_date' from the template is deprecated and will be removed in a future version. Please use 'data_interval_start' or 'logical_date' instead.
[2024-03-30T01:25:05.064+0000] {logging_mixin.py:154} INFO - Email sent successfully!
[2024-03-30T01:25:05.311+0000] {local_task_job_runner.py:228} INFO - Task exited with return code 0
[2024-03-30T01:25:05.371+0000] {taskinstance.py:2778} INFO - 1 downstream tasks scheduled from follow-on schedule check
